This is pdfTeX, Version 3.1415926-2.4-1.40.13 (TeX Live 2012) (format=pdflatex 2013.10.7)  21 JUL 2014 23:13
entering extended mode
 restricted \write18 enabled.
 file:line:error style messages enabled.
 %&-line parsing enabled.
**coverletter.tex
(./coverletter.tex
LaTeX2e <2011/06/27>
Babel <v3.8m> and hyphenation patterns for english, dumylang, nohyphenation, ge
rman-x-2012-05-30, ngerman-x-2012-05-30, afrikaans, ancientgreek, ibycus, arabi
c, armenian, basque, bulgarian, catalan, pinyin, coptic, croatian, czech, danis
h, dutch, ukenglish, usenglishmax, esperanto, estonian, ethiopic, farsi, finnis
h, french, friulan, galician, german, ngerman, swissgerman, monogreek, greek, h
ungarian, icelandic, assamese, bengali, gujarati, hindi, kannada, malayalam, ma
rathi, oriya, panjabi, tamil, telugu, indonesian, interlingua, irish, italian, 
kurmanji, latin, latvian, lithuanian, mongolian, mongolianlmc, bokmal, nynorsk,
 polish, portuguese, romanian, romansh, russian, sanskrit, serbian, serbianc, s
lovak, slovenian, spanish, swedish, turkish, turkmen, ukrainian, uppersorbian, 
welsh, loaded.
(/usr/local/texlive/2012/texmf-dist/tex/latex/koma-script/scrlttr2.cls
Document Class: scrlttr2 2012/05/15 v3.11 KOMA-Script document class (letter)
(/usr/local/texlive/2012/texmf-dist/tex/latex/koma-script/scrkbase.sty
Package: scrkbase 2012/05/15 v3.11 KOMA-Script package (KOMA-Script-dependent b
asics and keyval usage)

(/usr/local/texlive/2012/texmf-dist/tex/latex/koma-script/scrbase.sty
Package: scrbase 2012/05/15 v3.11 KOMA-Script package (KOMA-Script-independent 
basics and keyval usage)

(/usr/local/texlive/2012/texmf-dist/tex/latex/graphics/keyval.sty
Package: keyval 1999/03/16 v1.13 key=value parser (DPC)
\KV@toks@=\toks14
)
(/usr/local/texlive/2012/texmf-dist/tex/latex/koma-script/scrlfile.sty
Package: scrlfile 2011/03/09 v3.09 KOMA-Script package (loading files)

Package scrlfile, 2011/03/09 v3.09 KOMA-Script package (loading files)
                  Copyright (C) Markus Kohm

)))
Class scrlttr2 Info: File `scrsize10pt.clo' used to setup font sizes on input l
ine 1172.
 (/usr/local/texlive/2012/texmf-dist/tex/latex/koma-script/scrsize10pt.clo
File: scrsize10pt.clo 2012/05/15 v3.11 KOMA-Script font size class option (10pt
)
)
(/usr/local/texlive/2012/texmf-dist/tex/latex/koma-script/typearea.sty
Package: typearea 2012/05/15 v3.11 KOMA-Script package (type area)

Package typearea, 2012/05/15 v3.11 KOMA-Script package (type area)
                  Copyright (C) Frank Neukam, 1992-1994
                  Copyright (C) Markus Kohm, 1994-

\ta@bcor=\skip41
\ta@div=\count79
\ta@hblk=\skip42
\ta@vblk=\skip43
\ta@temp=\skip44
Package typearea Info: These are the values describing the layout:
(typearea)             DIV  = 8
(typearea)             BCOR = 0.0pt
(typearea)             \paperwidth      = 597.50793pt
(typearea)              \textwidth      = 373.44246pt
(typearea)              DIV departure   = -4%
(typearea)              \evensidemargin = 39.76274pt
(typearea)              \oddsidemargin  = 39.76274pt
(typearea)             \paperheight     = 845.04694pt
(typearea)              \textheight     = 538.0pt
(typearea)              \topmargin      = 0.36087pt
(typearea)              \headheight     = 15.0pt
(typearea)              \headsep        = 18.0pt
(typearea)              \topskip        = 10.0pt
(typearea)              \footskip       = 42.0pt
(typearea)              \baselineskip   = 12.0pt
(typearea)              on input line 1211.
))
Class scrlttr2 Info: Letter-Class-Option `DIN' loaded on input line 2.
 (/usr/local/texlive/2012/texmf-dist/tex/latex/koma-script/DIN.lco
File: DIN.lco 2012/05/15 v3.11 KOMA-Script letter-class-option
)
(/usr/local/texlive/2012/texmf-dist/tex/generic/babel/babel.sty
Package: babel 2008/07/08 v3.8m The Babel package

(/usr/local/texlive/2012/texmf-dist/tex/generic/babel/english.ldf
Language: english 2005/03/30 v3.3o English support from the babel system

(/usr/local/texlive/2012/texmf-dist/tex/generic/babel/babel.def
File: babel.def 2008/07/08 v3.8m Babel common definitions
\babel@savecnt=\count80
\U@D=\dimen102
)
\l@canadian = a dialect from \language\l@american 
\l@australian = a dialect from \language\l@british 
\l@newzealand = a dialect from \language\l@british 
))
(./coverletter.aux)
\openout1 = `coverletter.aux'.

LaTeX Font Info:    Checking defaults for OML/cmm/m/it on input line 19.
LaTeX Font Info:    ... okay on input line 19.
LaTeX Font Info:    Checking defaults for T1/cmr/m/n on input line 19.
LaTeX Font Info:    ... okay on input line 19.
LaTeX Font Info:    Checking defaults for OT1/cmr/m/n on input line 19.
LaTeX Font Info:    ... okay on input line 19.
LaTeX Font Info:    Checking defaults for OMS/cmsy/m/n on input line 19.
LaTeX Font Info:    ... okay on input line 19.
LaTeX Font Info:    Checking defaults for OMX/cmex/m/n on input line 19.
LaTeX Font Info:    ... okay on input line 19.
LaTeX Font Info:    Checking defaults for U/cmr/m/n on input line 19.
LaTeX Font Info:    ... okay on input line 19.
Package scrbase Info: `\ccname' at language `english' already defined
(scrbase)             --> skipped on input line 19.
Package scrbase Info: `\enclname' at language `english' already defined
(scrbase)             --> skipped on input line 19.
Package scrbase Info: `\headtoname' at language `english' already defined
(scrbase)             --> skipped on input line 19.
Package scrbase Info: `\pagename' at language `english' already defined
(scrbase)             --> skipped on input line 19.
Package scrbase Info: No captions found for `USenglish'
(scrbase)             --> skipped on input line 19.
Class scrlttr2 Info: no date found for language `USenglish'
(scrlttr2)           --> skipped on input line 19.
Package scrbase Info: No captions found for `american'
(scrbase)             --> skipped on input line 19.
Class scrlttr2 Info: no date found for language `american'
(scrlttr2)           --> skipped on input line 19.
Package scrbase Info: No captions found for `british'
(scrbase)             --> skipped on input line 19.
Class scrlttr2 Info: no date found for language `british'
(scrlttr2)           --> skipped on input line 19.
Package scrbase Info: No captions found for `UKenglish'
(scrbase)             --> skipped on input line 19.
Class scrlttr2 Info: no date found for language `UKenglish'
(scrlttr2)           --> skipped on input line 19.
Package scrbase Info: No captions found for `german'
(scrbase)             --> skipped on input line 19.
Class scrlttr2 Info: no date found for language `german'
(scrlttr2)           --> skipped on input line 19.
Package scrbase Info: No captions found for `ngerman'
(scrbase)             --> skipped on input line 19.
Class scrlttr2 Info: no date found for language `ngerman'
(scrlttr2)           --> skipped on input line 19.
Package scrbase Info: No captions found for `austrian'
(scrbase)             --> skipped on input line 19.
Class scrlttr2 Info: no date found for language `austrian'
(scrlttr2)           --> skipped on input line 19.
Package scrbase Info: No captions found for `naustrian'
(scrbase)             --> skipped on input line 19.
Class scrlttr2 Info: no date found for language `naustrian'
(scrlttr2)           --> skipped on input line 19.
Package scrbase Info: No captions found for `french'
(scrbase)             --> skipped on input line 19.
Class scrlttr2 Info: no date found for language `french'
(scrlttr2)           --> skipped on input line 19.
Package scrbase Info: No captions found for `italian'
(scrbase)             --> skipped on input line 19.
Class scrlttr2 Info: no date found for language `italian'
(scrlttr2)           --> skipped on input line 19.
Package scrbase Info: No captions found for `spanish'
(scrbase)             --> skipped on input line 19.
Class scrlttr2 Info: no date found for language `spanish'
(scrlttr2)           --> skipped on input line 19.
Package scrbase Info: No captions found for `croatian'
(scrbase)             --> skipped on input line 19.
Class scrlttr2 Info: no date found for language `croatian'
(scrlttr2)           --> skipped on input line 19.
Package scrbase Info: No captions found for `dutch'
(scrbase)             --> skipped on input line 19.
Class scrlttr2 Info: no date found for language `dutch'
(scrlttr2)           --> skipped on input line 19.
Package scrbase Info: No captions found for `finnish'
(scrbase)             --> skipped on input line 19.
Class scrlttr2 Info: no date found for language `finnish'
(scrlttr2)           --> skipped on input line 19.
Package scrbase Info: No captions found for `norsk'
(scrbase)             --> skipped on input line 19.
Class scrlttr2 Info: no date found for language `norsk'
(scrlttr2)           --> skipped on input line 19.
Package scrbase Info: No captions found for `swedish'
(scrbase)             --> skipped on input line 19.
Class scrlttr2 Info: no date found for language `swedish'
(scrlttr2)           --> skipped on input line 19.
Class scrlttr2 Info: used language is `english'.
(scrlttr2)           Supported languages are `english', `UKenglish',
(scrlttr2)           `british', `american', `USenglish',
(scrlttr2)           `german', `ngerman', `austrian', `naustrian',
(scrlttr2)           `dutch', `italian', `spanish',
(scrlttr2)           `croatian', `finnish', `norsk' on input line 19.

Foldmarks: no
Head of first page
Foot of first page
Address (addressee)
LaTeX Font Info:    External font `cmex10' loaded for size
(Font)              <7> on input line 21.
LaTeX Font Info:    External font `cmex10' loaded for size
(Font)              <5> on input line 21.
LaTeX Font Info:    External font `cmex10' loaded for size
(Font)              <9> on input line 21.
LaTeX Font Info:    External font `cmex10' loaded for size
(Font)              <6> on input line 21.

Overfull \vbox (13.55951pt too high) detected at line 21
 []


Class scrlttr2 Warning: address field is 13.55951pt too high.
(scrlttr2)              You have to change `toaddrheight'
(scrlttr2)              or you have to define a smaller
(scrlttr2)              address field using \begin{letter} or you
(scrlttr2)              have to define a smaller special purpose using
(scrlttr2)              \specialmail.
(scrlttr2)              Because of this too high address field
(scrlttr2)              you've got an overfull \vbox message on input line 21.

Location field: empty
Title: no
Subject: no
[1

{/usr/local/texlive/2012/texmf-var/fonts/map/pdftex/updmap/pdftex.map}]
(./coverletter.aux) ) 
Here is how much of TeX's memory you used:
 1469 strings out of 493488
 22722 string characters out of 3141326
 126644 words of memory out of 3000000
 4824 multiletter control sequences out of 15000+200000
 5463 words of font info for 20 fonts, out of 3000000 for 9000
 957 hyphenation exceptions out of 8191
 35i,7n,38p,520b,218s stack positions out of 5000i,500n,10000p,200000b,50000s
</usr/local/texlive/2012/texmf-dist/fonts/type1/public/ams
fonts/cm/cmr10.pfb></usr/local/texlive/2012/texmf-dist/fonts/type1/public/amsfo
nts/cm/cmr9.pfb>
Output written on coverletter.pdf (1 page, 37058 bytes).
PDF statistics:
 16 PDF objects out of 1000 (max. 8388607)
 10 compressed objects within 1 object stream
 0 named destinations out of 1000 (max. 500000)
 1 words of extra memory for PDF output out of 10000 (max. 10000000)

